Build started 26/05/2016 9:57:10.
     1>Project "D:\Escuela\Programacion\C++\Calculador Simple\Calculador Simple\Calculador Simple.vcxproj" on node 2 (build target(s)).
     1>InitializeBuildStatus:
         Creating "Debug\Calculador Simple.unsuccessfulbuild" because "AlwaysCreate" was specified.
       ClCompile:
         C:\Program Files (x86)\Microsoft Visual Studio 10.0\VC\bin\CL.exe /c /ZI /nologo /W3 /WX- /Od /Oy- /D WIN32 /D _DEBUG /D _CONSOLE /D _UNICODE /D UNICODE /Gm /EHsc /RTC1 /MDd /GS /fp:precise /Zc:wchar_t /Zc:forScope /Yc"StdAfx.h" /Fp"Debug\Calculador Simple.pch" /Fo"Debug\\" /Fd"Debug\vc100.pdb" /Gd /TP /analyze- /errorReport:prompt stdafx.cpp
         stdafx.cpp
         C:\Program Files (x86)\Microsoft Visual Studio 10.0\VC\bin\CL.exe /c /ZI /nologo /W3 /WX- /Od /Oy- /D WIN32 /D _DEBUG /D _CONSOLE /D _UNICODE /D UNICODE /Gm /EHsc /RTC1 /MDd /GS /fp:precise /Zc:wchar_t /Zc:forScope /Yu"StdAfx.h" /Fp"Debug\Calculador Simple.pch" /Fo"Debug\\" /Fd"Debug\vc100.pdb" /Gd /TP /analyze- /errorReport:prompt "Calculador Simple.cpp"
         Calculador Simple.cpp
     1>d:\escuela\programacion\c++\calculador simple\calculador simple\calculadora.h(32): warning C4244: 'argument' : conversion from 'double' to 'float', possible loss of data
     1>d:\escuela\programacion\c++\calculador simple\calculador simple\calculadora.h(36): warning C4244: 'argument' : conversion from 'double' to 'float', possible loss of data
     1>d:\escuela\programacion\c++\calculador simple\calculador simple\calculadora.h(40): warning C4244: 'argument' : conversion from 'double' to 'float', possible loss of data
     1>d:\escuela\programacion\c++\calculador simple\calculador simple\calculador simple.cpp(11): warning C4101: 'e' : unreferenced local variable
       ManifestResourceCompile:
         C:\Program Files (x86)\Microsoft SDKs\Windows\v7.0A\bin\rc.exe /nologo /fo"Debug\Calculador Simple.exe.embed.manifest.res" "Debug\Calculador Simple_manifest.rc" 
       Link:
         C:\Program Files (x86)\Microsoft Visual Studio 10.0\VC\bin\link.exe /ERRORREPORT:PROMPT /OUT:"D:\Escuela\Programacion\C++\Calculador Simple\Debug\Calculador Simple.exe" /INCREMENTAL /NOLOGO kernel32.lib user32.lib gdi32.lib winspool.lib comdlg32.lib advapi32.lib shell32.lib ole32.lib oleaut32.lib uuid.lib odbc32.lib odbccp32.lib /MANIFEST /ManifestFile:"Debug\Calculador Simple.exe.intermediate.manifest" /MANIFESTUAC:"level='asInvoker' uiAccess='false'" /DEBUG /PDB:"D:\Escuela\Programacion\C++\Calculador Simple\Debug\Calculador Simple.pdb" /SUBSYSTEM:CONSOLE /TLBID:1 /DYNAMICBASE /NXCOMPAT /IMPLIB:"D:\Escuela\Programacion\C++\Calculador Simple\Debug\Calculador Simple.lib" /MACHINE:X86 "Debug\Calculador Simple.exe.embed.manifest.res"
         "Debug\Calculador Simple.obj"
         Debug\stdafx.obj
         LINK : D:\Escuela\Programacion\C++\Calculador Simple\Debug\Calculador Simple.exe not found or not built by the last incremental link; performing full link
       Manifest:
         C:\Program Files (x86)\Microsoft SDKs\Windows\v7.0A\bin\mt.exe /nologo /verbose /out:"Debug\Calculador Simple.exe.embed.manifest" /manifest "Debug\Calculador Simple.exe.intermediate.manifest"
         All outputs are up-to-date.
       LinkEmbedManifest:
         All outputs are up-to-date.
         Calculador Simple.vcxproj -> D:\Escuela\Programacion\C++\Calculador Simple\Debug\Calculador Simple.exe
       FinalizeBuildStatus:
         Deleting file "Debug\Calculador Simple.unsuccessfulbuild".
         Touching "Debug\Calculador Simple.lastbuildstate".
     1>Done Building Project "D:\Escuela\Programacion\C++\Calculador Simple\Calculador Simple\Calculador Simple.vcxproj" (build target(s)).

Build succeeded.

Time Elapsed 00:00:14.61
