Compilación iniciada a las 14/10/2015 03:17:15 p.m..
     1>Proyecto "D:\C++\Sueldo trabajador\Sueldo trabajador\Sueldo trabajador.vcxproj" en el nodo 2 (build destinos).
     1>InitializeBuildStatus:
         Se creará "Debug\Sueldo trabajador.unsuccessfulbuild" porque se especificó "AlwaysCreate".
       ClCompile:
         Todas las salidas están actualizadas.
         c:\Program Files (x86)\Microsoft Visual Studio 10.0\VC\bin\CL.exe /c /ZI /nologo /W3 /WX- /Od /Oy- /D WIN32 /D _DEBUG /D _CONSOLE /D _UNICODE /D UNICODE /Gm /EHsc /RTC1 /MDd /GS /fp:precise /Zc:wchar_t /Zc:forScope /Yu"StdAfx.h" /Fp"Debug\Sueldo trabajador.pch" /Fo"Debug\\" /Fd"Debug\vc100.pdb" /Gd /TP /analyze- /errorReport:prompt "Sueldo trabajador.cpp"
         Sueldo trabajador.cpp
     1>d:\c++\sueldo trabajador\sueldo trabajador\sueldo trabajador.cpp(21): warning C4244: '=' : conversión de 'double' a 'short'; posible pérdida de datos
     1>d:\c++\sueldo trabajador\sueldo trabajador\sueldo trabajador.cpp(27): warning C4244: '=' : conversión de 'double' a 'short'; posible pérdida de datos
       ManifestResourceCompile:
         Todas las salidas están actualizadas.
       Link:
         c:\Program Files (x86)\Microsoft Visual Studio 10.0\VC\bin\link.exe /ERRORREPORT:PROMPT /OUT:"D:\C++\Sueldo trabajador\Debug\Sueldo trabajador.exe" /INCREMENTAL /NOLOGO kernel32.lib user32.lib gdi32.lib winspool.lib comdlg32.lib advapi32.lib shell32.lib ole32.lib oleaut32.lib uuid.lib odbc32.lib odbccp32.lib /MANIFEST /ManifestFile:"Debug\Sueldo trabajador.exe.intermediate.manifest" /MANIFESTUAC:"level='asInvoker' uiAccess='false'" /DEBUG /PDB:"D:\C++\Sueldo trabajador\Debug\Sueldo trabajador.pdb" /SUBSYSTEM:CONSOLE /TLBID:1 /DYNAMICBASE /NXCOMPAT /IMPLIB:"D:\C++\Sueldo trabajador\Debug\Sueldo trabajador.lib" /MACHINE:X86 "Debug\Sueldo trabajador.exe.embed.manifest.res"
         Debug\stdafx.obj
         "Debug\Sueldo trabajador.obj"
       Manifest:
         c:\Program Files (x86)\Microsoft SDKs\Windows\v7.0A\bin\mt.exe /nologo /verbose /out:"Debug\Sueldo trabajador.exe.embed.manifest" /manifest "Debug\Sueldo trabajador.exe.intermediate.manifest"
         Todas las salidas están actualizadas.
       LinkEmbedManifest:
         Todas las salidas están actualizadas.
         Sueldo trabajador.vcxproj -> D:\C++\Sueldo trabajador\Debug\Sueldo trabajador.exe
       FinalizeBuildStatus:
         Se eliminará el archivo "Debug\Sueldo trabajador.unsuccessfulbuild".
         Aplicando tarea Touch a "Debug\Sueldo trabajador.lastbuildstate".
     1>Compilación del proyecto terminada "D:\C++\Sueldo trabajador\Sueldo trabajador\Sueldo trabajador.vcxproj" (build destinos).

Compilación correcta.

Tiempo transcurrido 00:00:26.90
