Compilación iniciada a las 14/10/2015 04:24:13 p.m..
     1>Proyecto "D:\C++\Ciclos (Clase guiada)\Ciclos (Clase guiada)\Ciclos (Clase guiada).vcxproj" en el nodo 2 (build destinos).
     1>InitializeBuildStatus:
         Se creará "Debug\Ciclos (Clase guiada).unsuccessfulbuild" porque se especificó "AlwaysCreate".
       ClCompile:
         Todas las salidas están actualizadas.
         c:\Program Files (x86)\Microsoft Visual Studio 10.0\VC\bin\CL.exe /c /ZI /nologo /W3 /WX- /Od /Oy- /D WIN32 /D _DEBUG /D _CONSOLE /D _UNICODE /D UNICODE /Gm /EHsc /RTC1 /MDd /GS /fp:precise /Zc:wchar_t /Zc:forScope /Yu"StdAfx.h" /Fp"Debug\Ciclos (Clase guiada).pch" /Fo"Debug\\" /Fd"Debug\vc100.pdb" /Gd /TP /analyze- /errorReport:prompt "Ciclos (Clase guiada).cpp"
         Ciclos (Clase guiada).cpp
       ManifestResourceCompile:
         Todas las salidas están actualizadas.
       Link:
         c:\Program Files (x86)\Microsoft Visual Studio 10.0\VC\bin\link.exe /ERRORREPORT:PROMPT /OUT:"D:\C++\Ciclos (Clase guiada)\Debug\Ciclos (Clase guiada).exe" /INCREMENTAL /NOLOGO kernel32.lib user32.lib gdi32.lib winspool.lib comdlg32.lib advapi32.lib shell32.lib ole32.lib oleaut32.lib uuid.lib odbc32.lib odbccp32.lib /MANIFEST /ManifestFile:"Debug\Ciclos (Clase guiada).exe.intermediate.manifest" /MANIFESTUAC:"level='asInvoker' uiAccess='false'" /DEBUG /PDB:"D:\C++\Ciclos (Clase guiada)\Debug\Ciclos (Clase guiada).pdb" /SUBSYSTEM:CONSOLE /TLBID:1 /DYNAMICBASE /NXCOMPAT /IMPLIB:"D:\C++\Ciclos (Clase guiada)\Debug\Ciclos (Clase guiada).lib" /MACHINE:X86 "Debug\Ciclos (Clase guiada).exe.embed.manifest.res"
         "Debug\Ciclos (Clase guiada).obj"
         Debug\stdafx.obj
       Manifest:
         c:\Program Files (x86)\Microsoft SDKs\Windows\v7.0A\bin\mt.exe /nologo /verbose /out:"Debug\Ciclos (Clase guiada).exe.embed.manifest" /manifest "Debug\Ciclos (Clase guiada).exe.intermediate.manifest"
         Todas las salidas están actualizadas.
       LinkEmbedManifest:
         Todas las salidas están actualizadas.
         Ciclos (Clase guiada).vcxproj -> D:\C++\Ciclos (Clase guiada)\Debug\Ciclos (Clase guiada).exe
       FinalizeBuildStatus:
         Se eliminará el archivo "Debug\Ciclos (Clase guiada).unsuccessfulbuild".
         Aplicando tarea Touch a "Debug\Ciclos (Clase guiada).lastbuildstate".
     1>Compilación del proyecto terminada "D:\C++\Ciclos (Clase guiada)\Ciclos (Clase guiada)\Ciclos (Clase guiada).vcxproj" (build destinos).

Compilación correcta.

Tiempo transcurrido 00:01:17.41
