Compilación iniciada a las 13/10/2015 02:53:56 p.m..
     1>Proyecto "F:\C++\Meses\Meses\Meses.vcxproj" en el nodo 2 (build destinos).
     1>InitializeBuildStatus:
         Se creará "Debug\Meses.unsuccessfulbuild" porque se especificó "AlwaysCreate".
       ClCompile:
         Todas las salidas están actualizadas.
         c:\Program Files\Microsoft Visual Studio 10.0\VC\bin\CL.exe /c /ZI /nologo /W3 /WX- /Od /Oy- /D WIN32 /D _DEBUG /D _CONSOLE /D _UNICODE /D UNICODE /Gm /EHsc /RTC1 /MDd /GS /fp:precise /Zc:wchar_t /Zc:forScope /Yu"StdAfx.h" /Fp"Debug\Meses.pch" /Fo"Debug\\" /Fd"Debug\vc100.pdb" /Gd /TP /analyze- /errorReport:prompt Meses.cpp
         Meses.cpp
     1>f:\c++\meses\meses\meses.cpp(29): warning C4129: '.' : secuencia de escape de carácter no reconocida
     1>f:\c++\meses\meses\meses.cpp(61): warning C4129: '.' : secuencia de escape de carácter no reconocida
     1>f:\c++\meses\meses\meses.cpp(61): warning C4129: ')' : secuencia de escape de carácter no reconocida
       ManifestResourceCompile:
         Todas las salidas están actualizadas.
       Link:
         c:\Program Files\Microsoft Visual Studio 10.0\VC\bin\link.exe /ERRORREPORT:PROMPT /OUT:"F:\C++\Meses\Debug\Meses.exe" /INCREMENTAL /NOLOGO kernel32.lib user32.lib gdi32.lib winspool.lib comdlg32.lib advapi32.lib shell32.lib ole32.lib oleaut32.lib uuid.lib odbc32.lib odbccp32.lib /MANIFEST /ManifestFile:"Debug\Meses.exe.intermediate.manifest" /MANIFESTUAC:"level='asInvoker' uiAccess='false'" /DEBUG /PDB:"F:\C++\Meses\Debug\Meses.pdb" /SUBSYSTEM:CONSOLE /TLBID:1 /DYNAMICBASE /NXCOMPAT /IMPLIB:"F:\C++\Meses\Debug\Meses.lib" /MACHINE:X86 Debug\Meses.exe.embed.manifest.res
         Debug\Meses.obj
         Debug\stdafx.obj
       Manifest:
         C:\Program Files\Microsoft SDKs\Windows\v7.0A\bin\mt.exe /nologo /verbose /out:"Debug\Meses.exe.embed.manifest" /manifest Debug\Meses.exe.intermediate.manifest
         Todas las salidas están actualizadas.
       LinkEmbedManifest:
         Todas las salidas están actualizadas.
         Meses.vcxproj -> F:\C++\Meses\Debug\Meses.exe
       FinalizeBuildStatus:
         Se eliminará el archivo "Debug\Meses.unsuccessfulbuild".
         Aplicando tarea Touch a "Debug\Meses.lastbuildstate".
     1>Compilación del proyecto terminada "F:\C++\Meses\Meses\Meses.vcxproj" (build destinos).

Compilación correcta.

Tiempo transcurrido 00:00:24.72
