Compilación iniciada a las 27/10/2015 05:26:53 p.m..
     1>Proyecto "F:\C++\Ciclos v4\Ciclos v4\Ciclos v4.vcxproj" en el nodo 2 (build destinos).
     1>InitializeBuildStatus:
         Se creará "Debug\Ciclos v4.unsuccessfulbuild" porque se especificó "AlwaysCreate".
       ClCompile:
         Todas las salidas están actualizadas.
         c:\Program Files\Microsoft Visual Studio 10.0\VC\bin\CL.exe /c /ZI /nologo /W3 /WX- /Od /Oy- /D WIN32 /D _DEBUG /D _CONSOLE /D _UNICODE /D UNICODE /Gm /EHsc /RTC1 /MDd /GS /fp:precise /Zc:wchar_t /Zc:forScope /Yu"StdAfx.h" /Fp"Debug\Ciclos v4.pch" /Fo"Debug\\" /Fd"Debug\vc100.pdb" /Gd /TP /analyze- /errorReport:prompt "Ciclos v4.cpp"
         Ciclos v4.cpp
       ManifestResourceCompile:
         Todas las salidas están actualizadas.
       Link:
         c:\Program Files\Microsoft Visual Studio 10.0\VC\bin\link.exe /ERRORREPORT:PROMPT /OUT:"F:\C++\Ciclos v4\Debug\Ciclos v4.exe" /INCREMENTAL /NOLOGO kernel32.lib user32.lib gdi32.lib winspool.lib comdlg32.lib advapi32.lib shell32.lib ole32.lib oleaut32.lib uuid.lib odbc32.lib odbccp32.lib /MANIFEST /ManifestFile:"Debug\Ciclos v4.exe.intermediate.manifest" /MANIFESTUAC:"level='asInvoker' uiAccess='false'" /DEBUG /PDB:"F:\C++\Ciclos v4\Debug\Ciclos v4.pdb" /SUBSYSTEM:CONSOLE /TLBID:1 /DYNAMICBASE /NXCOMPAT /IMPLIB:"F:\C++\Ciclos v4\Debug\Ciclos v4.lib" /MACHINE:X86 "Debug\Ciclos v4.exe.embed.manifest.res"
         "Debug\Ciclos v4.obj"
         Debug\stdafx.obj
       Manifest:
         C:\Program Files\Microsoft SDKs\Windows\v7.0A\bin\mt.exe /nologo /verbose /out:"Debug\Ciclos v4.exe.embed.manifest" /manifest "Debug\Ciclos v4.exe.intermediate.manifest"
         Todas las salidas están actualizadas.
       LinkEmbedManifest:
         Todas las salidas están actualizadas.
         Ciclos v4.vcxproj -> F:\C++\Ciclos v4\Debug\Ciclos v4.exe
       FinalizeBuildStatus:
         Se eliminará el archivo "Debug\Ciclos v4.unsuccessfulbuild".
         Aplicando tarea Touch a "Debug\Ciclos v4.lastbuildstate".
     1>Compilación del proyecto terminada "F:\C++\Ciclos v4\Ciclos v4\Ciclos v4.vcxproj" (build destinos).

Compilación correcta.

Tiempo transcurrido 00:00:17.09
