Compilación iniciada a las 02/12/2015 04:29:36 p.m..
     1>Proyecto "G:\C++\Arreglos\Arreglos\Arreglos.vcxproj" en el nodo 2 (build destinos).
     1>InitializeBuildStatus:
         Aplicando tarea Touch a "Debug\Arreglos.unsuccessfulbuild".
       ClCompile:
         Todas las salidas están actualizadas.
         c:\Program Files\Microsoft Visual Studio 10.0\VC\bin\CL.exe /c /ZI /nologo /W3 /WX- /Od /Oy- /D WIN32 /D _DEBUG /D _CONSOLE /D _UNICODE /D UNICODE /Gm /EHsc /RTC1 /MDd /GS /fp:precise /Zc:wchar_t /Zc:forScope /Yu"StdAfx.h" /Fp"Debug\Arreglos.pch" /Fo"Debug\\" /Fd"Debug\vc100.pdb" /Gd /TP /analyze- /errorReport:prompt Arreglos.cpp
         Arreglos.cpp
     1>g:\c++\arreglos\arreglos\arreglos.cpp(51): warning C4700: se utilizó la variable local 'edad' sin inicializar
       ManifestResourceCompile:
         Todas las salidas están actualizadas.
       Link:
         c:\Program Files\Microsoft Visual Studio 10.0\VC\bin\link.exe /ERRORREPORT:PROMPT /OUT:"G:\C++\Arreglos\Debug\Arreglos.exe" /INCREMENTAL /NOLOGO kernel32.lib user32.lib gdi32.lib winspool.lib comdlg32.lib advapi32.lib shell32.lib ole32.lib oleaut32.lib uuid.lib odbc32.lib odbccp32.lib /MANIFEST /ManifestFile:"Debug\Arreglos.exe.intermediate.manifest" /MANIFESTUAC:"level='asInvoker' uiAccess='false'" /DEBUG /PDB:"G:\C++\Arreglos\Debug\Arreglos.pdb" /SUBSYSTEM:CONSOLE /TLBID:1 /DYNAMICBASE /NXCOMPAT /IMPLIB:"G:\C++\Arreglos\Debug\Arreglos.lib" /MACHINE:X86 Debug\Arreglos.exe.embed.manifest.res
         Debug\Arreglos.obj
         Debug\stdafx.obj
       Manifest:
         C:\Program Files\Microsoft SDKs\Windows\v7.0A\bin\mt.exe /nologo /verbose /out:"Debug\Arreglos.exe.embed.manifest" /manifest Debug\Arreglos.exe.intermediate.manifest
         Todas las salidas están actualizadas.
       LinkEmbedManifest:
         Todas las salidas están actualizadas.
         Arreglos.vcxproj -> G:\C++\Arreglos\Debug\Arreglos.exe
       FinalizeBuildStatus:
         Se eliminará el archivo "Debug\Arreglos.unsuccessfulbuild".
         Aplicando tarea Touch a "Debug\Arreglos.lastbuildstate".
     1>Compilación del proyecto terminada "G:\C++\Arreglos\Arreglos\Arreglos.vcxproj" (build destinos).

Compilación correcta.

Tiempo transcurrido 00:00:07.58
