Compilación iniciada a las 21/10/2015 03:26:00 p.m..
     1>Proyecto "F:\C++\Año biciesto\Año biciesto\Año biciesto.vcxproj" en el nodo 2 (build destinos).
     1>InitializeBuildStatus:
         Se creará "Debug\Año biciesto.unsuccessfulbuild" porque se especificó "AlwaysCreate".
       ClCompile:
         Todas las salidas están actualizadas.
         c:\Program Files\Microsoft Visual Studio 10.0\VC\bin\CL.exe /c /ZI /nologo /W3 /WX- /Od /Oy- /D WIN32 /D _DEBUG /D _CONSOLE /D _UNICODE /D UNICODE /Gm /EHsc /RTC1 /MDd /GS /fp:precise /Zc:wchar_t /Zc:forScope /Yu"StdAfx.h" /Fp"Debug\Año biciesto.pch" /Fo"Debug\\" /Fd"Debug\vc100.pdb" /Gd /TP /analyze- /errorReport:prompt "Año biciesto.cpp"
         Año biciesto.cpp
       ManifestResourceCompile:
         Todas las salidas están actualizadas.
       Link:
         c:\Program Files\Microsoft Visual Studio 10.0\VC\bin\link.exe /ERRORREPORT:PROMPT /OUT:"F:\C++\Año biciesto\Debug\Año biciesto.exe" /INCREMENTAL /NOLOGO kernel32.lib user32.lib gdi32.lib winspool.lib comdlg32.lib advapi32.lib shell32.lib ole32.lib oleaut32.lib uuid.lib odbc32.lib odbccp32.lib /MANIFEST /ManifestFile:"Debug\Año biciesto.exe.intermediate.manifest" /MANIFESTUAC:"level='asInvoker' uiAccess='false'" /DEBUG /PDB:"F:\C++\Año biciesto\Debug\Año biciesto.pdb" /SUBSYSTEM:CONSOLE /TLBID:1 /DYNAMICBASE /NXCOMPAT /IMPLIB:"F:\C++\Año biciesto\Debug\Año biciesto.lib" /MACHINE:X86 "Debug\Año biciesto.exe.embed.manifest.res"
         "Debug\Año biciesto.obj"
         Debug\stdafx.obj
       Manifest:
         C:\Program Files\Microsoft SDKs\Windows\v7.0A\bin\mt.exe /nologo /verbose /out:"Debug\Año biciesto.exe.embed.manifest" /manifest "Debug\Año biciesto.exe.intermediate.manifest"
         Todas las salidas están actualizadas.
       LinkEmbedManifest:
         Todas las salidas están actualizadas.
         Año biciesto.vcxproj -> F:\C++\Año biciesto\Debug\Año biciesto.exe
       FinalizeBuildStatus:
         Se eliminará el archivo "Debug\Año biciesto.unsuccessfulbuild".
         Aplicando tarea Touch a "Debug\Año biciesto.lastbuildstate".
     1>Compilación del proyecto terminada "F:\C++\Año biciesto\Año biciesto\Año biciesto.vcxproj" (build destinos).

Compilación correcta.

Tiempo transcurrido 00:00:35.89
