Compilación iniciada a las 01/12/2015 03:40:44 p.m..
     1>Proyecto "F:\C++\ParametrosFuncion\ParametrosFuncion\ParametrosFuncion.vcxproj" en el nodo 2 (build destinos).
     1>InitializeBuildStatus:
         Se creará "Debug\ParametrosFuncion.unsuccessfulbuild" porque se especificó "AlwaysCreate".
       ClCompile:
         Todas las salidas están actualizadas.
         c:\Program Files\Microsoft Visual Studio 10.0\VC\bin\CL.exe /c /ZI /nologo /W3 /WX- /Od /Oy- /D WIN32 /D _DEBUG /D _CONSOLE /D _UNICODE /D UNICODE /Gm /EHsc /RTC1 /MDd /GS /fp:precise /Zc:wchar_t /Zc:forScope /Yu"StdAfx.h" /Fp"Debug\ParametrosFuncion.pch" /Fo"Debug\\" /Fd"Debug\vc100.pdb" /Gd /TP /analyze- /errorReport:prompt ParametrosFuncion.cpp
         ParametrosFuncion.cpp
     1>f:\c++\parametrosfuncion\parametrosfuncion\parametrosfuncion.cpp(54): warning C4244: 'argumento' : conversión de 'double' a 'short'; posible pérdida de datos
       ManifestResourceCompile:
         Todas las salidas están actualizadas.
       Link:
         c:\Program Files\Microsoft Visual Studio 10.0\VC\bin\link.exe /ERRORREPORT:PROMPT /OUT:"F:\C++\ParametrosFuncion\Debug\ParametrosFuncion.exe" /INCREMENTAL /NOLOGO kernel32.lib user32.lib gdi32.lib winspool.lib comdlg32.lib advapi32.lib shell32.lib ole32.lib oleaut32.lib uuid.lib odbc32.lib odbccp32.lib /MANIFEST /ManifestFile:"Debug\ParametrosFuncion.exe.intermediate.manifest" /MANIFESTUAC:"level='asInvoker' uiAccess='false'" /DEBUG /PDB:"F:\C++\ParametrosFuncion\Debug\ParametrosFuncion.pdb" /SUBSYSTEM:CONSOLE /TLBID:1 /DYNAMICBASE /NXCOMPAT /IMPLIB:"F:\C++\ParametrosFuncion\Debug\ParametrosFuncion.lib" /MACHINE:X86 Debug\ParametrosFuncion.exe.embed.manifest.res
         Debug\ParametrosFuncion.obj
         Debug\stdafx.obj
       Manifest:
         C:\Program Files\Microsoft SDKs\Windows\v7.0A\bin\mt.exe /nologo /verbose /out:"Debug\ParametrosFuncion.exe.embed.manifest" /manifest Debug\ParametrosFuncion.exe.intermediate.manifest
         Todas las salidas están actualizadas.
       LinkEmbedManifest:
         Todas las salidas están actualizadas.
         ParametrosFuncion.vcxproj -> F:\C++\ParametrosFuncion\Debug\ParametrosFuncion.exe
       FinalizeBuildStatus:
         Se eliminará el archivo "Debug\ParametrosFuncion.unsuccessfulbuild".
         Aplicando tarea Touch a "Debug\ParametrosFuncion.lastbuildstate".
     1>Compilación del proyecto terminada "F:\C++\ParametrosFuncion\ParametrosFuncion\ParametrosFuncion.vcxproj" (build destinos).

Compilación correcta.

Tiempo transcurrido 00:00:12.97
