Build started 26/05/2016 9:55:21.
     1>Project "D:\Escuela\Programacion\C++\Zodiaco\Zodiaco\Zodiaco.vcxproj" on node 2 (build target(s)).
     1>InitializeBuildStatus:
         Creating "Debug\Zodiaco.unsuccessfulbuild" because "AlwaysCreate" was specified.
       ClCompile:
         C:\Program Files (x86)\Microsoft Visual Studio 10.0\VC\bin\CL.exe /c /ZI /nologo /W3 /WX- /Od /Oy- /D WIN32 /D _DEBUG /D _CONSOLE /D _UNICODE /D UNICODE /Gm /EHsc /RTC1 /MDd /GS /fp:precise /Zc:wchar_t /Zc:forScope /Yc"StdAfx.h" /Fp"Debug\Zodiaco.pch" /Fo"Debug\\" /Fd"Debug\vc100.pdb" /Gd /TP /analyze- /errorReport:prompt stdafx.cpp
         stdafx.cpp
         C:\Program Files (x86)\Microsoft Visual Studio 10.0\VC\bin\CL.exe /c /ZI /nologo /W3 /WX- /Od /Oy- /D WIN32 /D _DEBUG /D _CONSOLE /D _UNICODE /D UNICODE /Gm /EHsc /RTC1 /MDd /GS /fp:precise /Zc:wchar_t /Zc:forScope /Yu"StdAfx.h" /Fp"Debug\Zodiaco.pch" /Fo"Debug\\" /Fd"Debug\vc100.pdb" /Gd /TP /analyze- /errorReport:prompt Zodiaco.cpp
         Zodiaco.cpp
       ManifestResourceCompile:
         C:\Program Files (x86)\Microsoft SDKs\Windows\v7.0A\bin\rc.exe /nologo /fo"Debug\Zodiaco.exe.embed.manifest.res" Debug\Zodiaco_manifest.rc 
       Link:
         C:\Program Files (x86)\Microsoft Visual Studio 10.0\VC\bin\link.exe /ERRORREPORT:PROMPT /OUT:"D:\Escuela\Programacion\C++\Zodiaco\Debug\Zodiaco.exe" /INCREMENTAL /NOLOGO kernel32.lib user32.lib gdi32.lib winspool.lib comdlg32.lib advapi32.lib shell32.lib ole32.lib oleaut32.lib uuid.lib odbc32.lib odbccp32.lib /MANIFEST /ManifestFile:"Debug\Zodiaco.exe.intermediate.manifest" /MANIFESTUAC:"level='asInvoker' uiAccess='false'" /DEBUG /PDB:"D:\Escuela\Programacion\C++\Zodiaco\Debug\Zodiaco.pdb" /SUBSYSTEM:CONSOLE /TLBID:1 /DYNAMICBASE /NXCOMPAT /IMPLIB:"D:\Escuela\Programacion\C++\Zodiaco\Debug\Zodiaco.lib" /MACHINE:X86 Debug\Zodiaco.exe.embed.manifest.res
         Debug\stdafx.obj
         Debug\Zodiaco.obj
         LINK : D:\Escuela\Programacion\C++\Zodiaco\Debug\Zodiaco.exe not found or not built by the last incremental link; performing full link
       Manifest:
         C:\Program Files (x86)\Microsoft SDKs\Windows\v7.0A\bin\mt.exe /nologo /verbose /out:"Debug\Zodiaco.exe.embed.manifest" /manifest Debug\Zodiaco.exe.intermediate.manifest
         All outputs are up-to-date.
       LinkEmbedManifest:
         All outputs are up-to-date.
         Zodiaco.vcxproj -> D:\Escuela\Programacion\C++\Zodiaco\Debug\Zodiaco.exe
       FinalizeBuildStatus:
         Deleting file "Debug\Zodiaco.unsuccessfulbuild".
         Touching "Debug\Zodiaco.lastbuildstate".
     1>Done Building Project "D:\Escuela\Programacion\C++\Zodiaco\Zodiaco\Zodiaco.vcxproj" (build target(s)).

Build succeeded.

Time Elapsed 00:00:13.92
