Compilación iniciada a las 08/12/2015 04:12:05 p.m..
     1>Proyecto "F:\C++\Funciones prediseñadas kun\Funciones prediseñadas kun\Funciones prediseñadas kun.vcxproj" en el nodo 2 (build destinos).
     1>InitializeBuildStatus:
         Se creará "Debug\Funciones prediseñadas kun.unsuccessfulbuild" porque se especificó "AlwaysCreate".
       ClCompile:
         Todas las salidas están actualizadas.
         c:\Program Files\Microsoft Visual Studio 10.0\VC\bin\CL.exe /c /ZI /nologo /W3 /WX- /Od /Oy- /D WIN32 /D _DEBUG /D _CONSOLE /D _UNICODE /D UNICODE /Gm /EHsc /RTC1 /MDd /GS /fp:precise /Zc:wchar_t /Zc:forScope /Yu"StdAfx.h" /Fp"Debug\Funciones prediseñadas kun.pch" /Fo"Debug\\" /Fd"Debug\vc100.pdb" /Gd /TP /analyze- /errorReport:prompt "Funciones prediseñadas kun.cpp"
         Funciones prediseñadas kun.cpp
     1>f:\c++\funciones prediseñadas kun\funciones prediseñadas kun\funcionescadena.h(19): warning C4018: '<' : no coinciden signed/unsigned
     1>f:\c++\funciones prediseñadas kun\funciones prediseñadas kun\funcionescadena.h(27): warning C4018: '<' : no coinciden signed/unsigned
       ManifestResourceCompile:
         Todas las salidas están actualizadas.
       Link:
         c:\Program Files\Microsoft Visual Studio 10.0\VC\bin\link.exe /ERRORREPORT:PROMPT /OUT:"F:\C++\Funciones prediseñadas kun\Debug\Funciones prediseñadas kun.exe" /INCREMENTAL /NOLOGO kernel32.lib user32.lib gdi32.lib winspool.lib comdlg32.lib advapi32.lib shell32.lib ole32.lib oleaut32.lib uuid.lib odbc32.lib odbccp32.lib /MANIFEST /ManifestFile:"Debug\Funciones prediseñadas kun.exe.intermediate.manifest" /MANIFESTUAC:"level='asInvoker' uiAccess='false'" /DEBUG /PDB:"F:\C++\Funciones prediseñadas kun\Debug\Funciones prediseñadas kun.pdb" /SUBSYSTEM:CONSOLE /TLBID:1 /DYNAMICBASE /NXCOMPAT /IMPLIB:"F:\C++\Funciones prediseñadas kun\Debug\Funciones prediseñadas kun.lib" /MACHINE:X86 "Debug\Funciones prediseñadas kun.exe.embed.manifest.res"
         "Debug\Funciones prediseñadas kun.obj"
         Debug\stdafx.obj
       Manifest:
         C:\Program Files\Microsoft SDKs\Windows\v7.0A\bin\mt.exe /nologo /verbose /out:"Debug\Funciones prediseñadas kun.exe.embed.manifest" /manifest "Debug\Funciones prediseñadas kun.exe.intermediate.manifest"
         Todas las salidas están actualizadas.
       LinkEmbedManifest:
         Todas las salidas están actualizadas.
         Funciones prediseñadas kun.vcxproj -> F:\C++\Funciones prediseñadas kun\Debug\Funciones prediseñadas kun.exe
       FinalizeBuildStatus:
         Se eliminará el archivo "Debug\Funciones prediseñadas kun.unsuccessfulbuild".
         Aplicando tarea Touch a "Debug\Funciones prediseñadas kun.lastbuildstate".
     1>Compilación del proyecto terminada "F:\C++\Funciones prediseñadas kun\Funciones prediseñadas kun\Funciones prediseñadas kun.vcxproj" (build destinos).

Compilación correcta.

Tiempo transcurrido 00:00:20.84
