Compilación iniciada a las 28/10/2015 05:28:43 p.m..
     1>Proyecto "F:\C++\ciclos\ciclos v5\ciclos v5\ciclos v5.vcxproj" en el nodo 2 (build destinos).
     1>InitializeBuildStatus:
         Se creará "Debug\ciclos v5.unsuccessfulbuild" porque se especificó "AlwaysCreate".
       ClCompile:
         Todas las salidas están actualizadas.
         c:\Program Files\Microsoft Visual Studio 10.0\VC\bin\CL.exe /c /ZI /nologo /W3 /WX- /Od /Oy- /D WIN32 /D _DEBUG /D _CONSOLE /D _UNICODE /D UNICODE /Gm /EHsc /RTC1 /MDd /GS /fp:precise /Zc:wchar_t /Zc:forScope /Yu"StdAfx.h" /Fp"Debug\ciclos v5.pch" /Fo"Debug\\" /Fd"Debug\vc100.pdb" /Gd /TP /analyze- /errorReport:prompt "ciclos v5.cpp"
         ciclos v5.cpp
       ManifestResourceCompile:
         Todas las salidas están actualizadas.
       Link:
         c:\Program Files\Microsoft Visual Studio 10.0\VC\bin\link.exe /ERRORREPORT:PROMPT /OUT:"F:\C++\ciclos\ciclos v5\Debug\ciclos v5.exe" /INCREMENTAL /NOLOGO kernel32.lib user32.lib gdi32.lib winspool.lib comdlg32.lib advapi32.lib shell32.lib ole32.lib oleaut32.lib uuid.lib odbc32.lib odbccp32.lib /MANIFEST /ManifestFile:"Debug\ciclos v5.exe.intermediate.manifest" /MANIFESTUAC:"level='asInvoker' uiAccess='false'" /DEBUG /PDB:"F:\C++\ciclos\ciclos v5\Debug\ciclos v5.pdb" /SUBSYSTEM:CONSOLE /TLBID:1 /DYNAMICBASE /NXCOMPAT /IMPLIB:"F:\C++\ciclos\ciclos v5\Debug\ciclos v5.lib" /MACHINE:X86 "Debug\ciclos v5.exe.embed.manifest.res"
         "Debug\ciclos v5.obj"
         Debug\stdafx.obj
       Manifest:
         C:\Program Files\Microsoft SDKs\Windows\v7.0A\bin\mt.exe /nologo /verbose /out:"Debug\ciclos v5.exe.embed.manifest" /manifest "Debug\ciclos v5.exe.intermediate.manifest"
         Todas las salidas están actualizadas.
       LinkEmbedManifest:
         Todas las salidas están actualizadas.
         ciclos v5.vcxproj -> F:\C++\ciclos\ciclos v5\Debug\ciclos v5.exe
       FinalizeBuildStatus:
         Se eliminará el archivo "Debug\ciclos v5.unsuccessfulbuild".
         Aplicando tarea Touch a "Debug\ciclos v5.lastbuildstate".
     1>Compilación del proyecto terminada "F:\C++\ciclos\ciclos v5\ciclos v5\ciclos v5.vcxproj" (build destinos).

Compilación correcta.

Tiempo transcurrido 00:00:21.37
