Compilación iniciada a las 07/10/2015 03:24:40 p.m..
     1>Proyecto "E:\C++\intercambio\intercambio\intercambio.vcxproj" en el nodo 2 (build destinos).
     1>InitializeBuildStatus:
         Se creará "Debug\intercambio.unsuccessfulbuild" porque se especificó "AlwaysCreate".
       ClCompile:
         Todas las salidas están actualizadas.
         C:\Program Files\Microsoft Visual Studio 10.0\VC\bin\CL.exe /c /ZI /nologo /W3 /WX- /Od /Oy- /D WIN32 /D _DEBUG /D _CONSOLE /D _UNICODE /D UNICODE /Gm /EHsc /RTC1 /MDd /GS /fp:precise /Zc:wchar_t /Zc:forScope /Yu"StdAfx.h" /Fp"Debug\intercambio.pch" /Fo"Debug\\" /Fd"Debug\vc100.pdb" /Gd /TP /analyze- /errorReport:prompt intercambio.cpp
         intercambio.cpp
       ManifestResourceCompile:
         Todas las salidas están actualizadas.
       Link:
         C:\Program Files\Microsoft Visual Studio 10.0\VC\bin\link.exe /ERRORREPORT:PROMPT /OUT:"E:\C++\intercambio\Debug\intercambio.exe" /INCREMENTAL /NOLOGO kernel32.lib user32.lib gdi32.lib winspool.lib comdlg32.lib advapi32.lib shell32.lib ole32.lib oleaut32.lib uuid.lib odbc32.lib odbccp32.lib /MANIFEST /ManifestFile:"Debug\intercambio.exe.intermediate.manifest" /MANIFESTUAC:"level='asInvoker' uiAccess='false'" /DEBUG /PDB:"E:\C++\intercambio\Debug\intercambio.pdb" /SUBSYSTEM:CONSOLE /TLBID:1 /DYNAMICBASE /NXCOMPAT /IMPLIB:"E:\C++\intercambio\Debug\intercambio.lib" /MACHINE:X86 Debug\intercambio.exe.embed.manifest.res
         Debug\intercambio.obj
         Debug\stdafx.obj
       Manifest:
         C:\Program Files\Microsoft SDKs\Windows\v7.0A\bin\mt.exe /nologo /verbose /out:"Debug\intercambio.exe.embed.manifest" /manifest Debug\intercambio.exe.intermediate.manifest
         Todas las salidas están actualizadas.
       LinkEmbedManifest:
         Todas las salidas están actualizadas.
         intercambio.vcxproj -> E:\C++\intercambio\Debug\intercambio.exe
       FinalizeBuildStatus:
         Se eliminará el archivo "Debug\intercambio.unsuccessfulbuild".
         Aplicando tarea Touch a "Debug\intercambio.lastbuildstate".
     1>Compilación del proyecto terminada "E:\C++\intercambio\intercambio\intercambio.vcxproj" (build destinos).

Compilación correcta.

Tiempo transcurrido 00:00:34.46
